<?xml version="1.0" encoding="UTF-8"?>
<testng-results ignored="0" total="1" passed="1" failed="0" skipped="0">
  <reporter-output>
  </reporter-output>
  <suite started-at="2024-10-09T22:10:14 IST" name="Default suite" finished-at="2024-10-09T22:11:07 IST" duration-ms="53363">
    <groups>
    </groups>
    <test started-at="2024-10-09T22:10:14 IST" name="Default test" finished-at="2024-10-09T22:11:07 IST" duration-ms="53363">
      <class name="baselibrary.Baselibrary">
        <test-method signature="launchurl()[pri:0, instance:baselibrary.Baselibrary@618425b5]" started-at="2024-10-09T22:10:14 IST" name="launchurl" finished-at="2024-10-09T22:11:07 IST" duration-ms="53297" status="PASS">
          <reporter-output>
          </reporter-output>
        </test-method> <!-- launchurl -->
      </class> <!-- baselibrary.Baselibrary -->
    </test> <!-- Default test -->
  </suite> <!-- Default suite -->
</testng-results>
