<?xml version="1.0" encoding="UTF-8"?>
<testng-results ignored="0" total="1" passed="1" failed="0" skipped="0">
  <reporter-output>
  </reporter-output>
  <suite started-at="2024-08-06T18:03:51 IST" name="Default suite" finished-at="2024-08-06T18:04:04 IST" duration-ms="12639">
    <groups>
    </groups>
    <test started-at="2024-08-06T18:03:51 IST" name="Default test" finished-at="2024-08-06T18:04:04 IST" duration-ms="12639">
      <class name="tests.LoginTest">
        <test-method is-config="true" signature="launchurl()[pri:0, instance:tests.LoginTest@618425b5]" started-at="2024-08-06T18:03:51 IST" name="launchurl" finished-at="2024-08-06T18:03:58 IST" duration-ms="7283" status="PASS">
          <reporter-output>
          </reporter-output>
        </test-method> <!-- launchurl -->
        <test-method signature="clickonclose()[pri:0, instance:tests.LoginTest@618425b5]" started-at="2024-08-06T18:03:58 IST" name="clickonclose" finished-at="2024-08-06T18:04:04 IST" duration-ms="5213" status="PASS">
          <reporter-output>
          </reporter-output>
        </test-method> <!-- clickonclose -->
      </class> <!-- tests.LoginTest -->
    </test> <!-- Default test -->
  </suite> <!-- Default suite -->
</testng-results>
