<?xml version="1.0" encoding="UTF-8"?>
<!-- Generated by org.testng.reporters.JUnitXMLReporter -->
<testsuite ignored="0" hostname="DESKTOP-L24K6OI" failures="0" tests="5" name="linkpagetest" time="12.36" errors="0" timestamp="2024-09-24T22:36:53 IST">
  <testcase classname="tests.LinkPageTest" name="close" time="0.353"/>
  <testcase classname="tests.LinkPageTest" name="practice" time="2.124"/>
  <testcase classname="tests.LinkPageTest" name="elements" time="0.184"/>
  <testcase classname="tests.LinkPageTest" name="clickonlink" time="0.215"/>
  <testcase classname="tests.LinkPageTest" name="clickondemopage" time="1.999"/>
</testsuite> <!-- linkpagetest -->
