<?xml version="1.0" encoding="UTF-8"?>
<!-- Generated by org.testng.reporters.JUnitXMLReporter -->
<testsuite ignored="3" hostname="DESKTOP-L24K6OI" failures="0" tests="3" name="testboxtest" time="14.019" errors="0" timestamp="2024-09-24T22:50:07 IST">
  <testcase classname="tests.TextboxTest" name="close" time="5.16"/>
  <testcase classname="tests.TextboxTest" name="practice" time="3.017"/>
  <testcase classname="tests.TextboxTest" name="elements" time="0.178"/>
  <testcase classname="tests.TextboxTest" name="validate" time="0.0">
    <ignored/>
  </testcase> <!-- validate -->
  <testcase classname="tests.TextboxTest" name="detail" time="0.0">
    <ignored/>
  </testcase> <!-- detail -->
  <testcase classname="tests.TextboxTest" name="textbox" time="0.0">
    <ignored/>
  </testcase> <!-- textbox -->
</testsuite> <!-- testboxtest -->
