<?xml version="1.0" encoding="UTF-8"?>
<!-- Generated by org.testng.reporters.JUnitXMLReporter -->
<testsuite ignored="0" hostname="DESKTOP-L24K6OI" failures="1" tests="10" name="testcheckboxtest" time="12.03" errors="0" timestamp="2024-09-24T22:33:06 IST">
  <testcase classname="tests.CheckboxTest" name="close" time="0.182"/>
  <testcase classname="tests.CheckboxTest" name="practice" time="1.94"/>
  <testcase classname="tests.CheckboxTest" name="elements" time="0.136"/>
  <testcase classname="tests.CheckboxTest" name="checkbox" time="0.168"/>
  <testcase classname="tests.CheckboxTest" name="mobile" time="0.361"/>
  <testcase classname="tests.CheckboxTest" name="validate" time="0.163"/>
  <testcase classname="tests.CheckboxTest" name="validated" time="0.275"/>
  <testcase classname="tests.CheckboxTest" name="validatelaptoptext" time="0.149"/>
  <testcase classname="tests.CheckboxTest" name="clickondesktops" time="0.27"/>
  <testcase classname="tests.CheckboxTest" name="desktoptextcall" time="0.129">
    <failure type="java.lang.AssertionError" message="expected:&amp;lt;null&amp;gt; but was:&amp;lt;You are Selected Desktop&amp;gt;">
      <![CDATA[java.lang.AssertionError: expected:<null> but was:<You are Selected Desktop>
at org.junit.Assert.fail(Assert.java:88)
at org.junit.Assert.failNotEquals(Assert.java:834)
at org.junit.Assert.assertEquals(Assert.java:118)
at org.junit.Assert.assertEquals(Assert.java:144)
at page.CheckboxPage.desktoptext(CheckboxPage.java:91)
at tests.CheckboxTest.desktoptextcall(CheckboxTest.java:60)
at java.base/java.util.ArrayList.forEach(ArrayList.java:1511)
... Removed 27 stack frames]]>
    </failure>
  </testcase> <!-- desktoptextcall -->
</testsuite> <!-- testcheckboxtest -->
