<?xml version="1.0" encoding="UTF-8"?>
<!-- Generated by org.testng.reporters.JUnitXMLReporter -->
<testsuite ignored="0" hostname="DESKTOP-L24K6OI" failures="0" tests="4" name="Test" time="23.849" errors="0" timestamp="2024-10-05T11:43:52 IST">
  <testcase classname="tests.LoginTest" name="clickonclose" time="5.211"/>
  <testcase classname="tests.LoginTest" name="clickonpractice" time="2.574"/>
  <testcase classname="tests.LoginTest" name="gettitleonpage" time="0.017"/>
  <testcase classname="tests.LoginTest" name="geturlofthecurrentpage" time="0.029"/>
</testsuite> <!-- Test -->
