<?xml version="1.0" encoding="UTF-8"?>
<!-- Generated by org.testng.reporters.JUnitXMLReporter -->
<testsuite ignored="0" hostname="DESKTOP-L24K6OI" failures="1" tests="6" name="Test2" time="26.03" errors="0" timestamp="2024-09-24T17:39:54 IST">
  <testcase classname="tests.TextboxTest" name="close" time="5.178"/>
  <testcase classname="tests.TextboxTest" name="practice" time="4.686"/>
  <testcase classname="tests.TextboxTest" name="elements" time="0.148"/>
  <testcase classname="tests.TextboxTest" name="textbox" time="0.159"/>
  <testcase classname="tests.TextboxTest" name="detail" time="3.114"/>
  <testcase classname="tests.TextboxTest" name="validate" time="0.723">
    <failure type="junit.framework.ComparisonFailure" message="expected:&amp;lt;[ashok nager new delhi]&amp;gt; but was:&amp;lt;[hello]&amp;gt;">
      <![CDATA[junit.framework.ComparisonFailure: expected:<[ashok nager new delhi]> but was:<[hello]>
at junit.framework.Assert.assertEquals(Assert.java:100)
at junit.framework.Assert.assertEquals(Assert.java:107)
at page.TextBoxPage.validate(TextBoxPage.java:94)
at tests.TextboxTest.validate(TextboxTest.java:46)
at java.base/java.util.ArrayList.forEach(ArrayList.java:1511)
... Removed 27 stack frames]]>
    </failure>
  </testcase> <!-- validate -->
</testsuite> <!-- Test2 -->
