<?xml version="1.0" encoding="UTF-8"?>
<!-- Generated by org.testng.reporters.JUnitXMLReporter -->
<testsuite ignored="0" hostname="DESKTOP-L24K6OI" failures="0" tests="5" name="textboxtest" time="15.561" errors="0" timestamp="2024-08-12T18:01:31 IST">
  <testcase classname="tests.TextBoxtest" name="clickonclose" time="5.121"/>
  <testcase classname="tests.TextBoxtest" name="clickonpractice" time="2.583"/>
  <testcase classname="tests.TextBoxtest" name="clickOnElement" time="0.114"/>
  <testcase classname="tests.TextBoxtest" name="clickontextBox" time="0.462"/>
  <testcase classname="tests.TextBoxtest" name="filldetails" time="1.434"/>
</testsuite> <!-- textboxtest -->
