<?xml version="1.0" encoding="UTF-8"?>
<!-- Generated by org.testng.reporters.JUnitXMLReporter -->
<testsuite ignored="0" hostname="DESKTOP-L24K6OI" failures="0" tests="6" name="uploadfiletest" time="27.72" errors="0" timestamp="2024-10-07T16:53:32 IST">
  <testcase classname="tests.UploadFileTest" name="close" time="5.646"/>
  <testcase classname="tests.UploadFileTest" name="practice" time="2.484"/>
  <testcase classname="tests.UploadFileTest" name="elements" time="0.167"/>
  <testcase classname="tests.UploadFileTest" name="uploadanddownload" time="0.442"/>
  <testcase classname="tests.UploadFileTest" name="choosefileforupload" time="0.709"/>
  <testcase classname="tests.UploadFileTest" name="uploadcopyfiles" time="2.698"/>
</testsuite> <!-- uploadfiletest -->
