<?xml version="1.0" encoding="UTF-8"?>
<!-- Generated by org.testng.reporters.JUnitXMLReporter -->
<testsuite ignored="0" hostname="DESKTOP-L24K6OI" failures="0" tests="6" name="Default test" time="16.116" errors="0" timestamp="2024-10-02T12:34:52 IST">
  <testcase classname="tests.UploadFileTest" name="close" time="5.147"/>
  <testcase classname="tests.UploadFileTest" name="practice" time="2.57"/>
  <testcase classname="tests.UploadFileTest" name="elements" time="0.161"/>
  <testcase classname="tests.UploadFileTest" name="uploadanddownload" time="0.507"/>
  <testcase classname="tests.UploadFileTest" name="choosefileforupload" time="0.443"/>
  <testcase classname="tests.UploadFileTest" name="uploadcopyfiles" time="1.08"/>
</testsuite> <!-- Default test -->
